Arguments: 
  /usr/local/bin/node /usr/share/yarn/bin/yarn.js

PATH: 
  /usr/local/sbin:/usr/local/bin:/usr/sbin:/usr/bin:/sbin:/bin:/usr/games:/usr/local/games:/snap/bin

Yarn version: 
  1.22.15

Node version: 
  14.18.0

Platform: 
  linux x64

Trace: 
  SyntaxError: /root/tutorials-account-transfer-reverse-lookups/package.json: Unexpected token @ in JSON at position 513
      at JSON.parse (<anonymous>)
      at /usr/share/yarn/lib/cli.js:1625:59
      at Generator.next (<anonymous>)
      at step (/usr/share/yarn/lib/cli.js:310:30)
      at /usr/share/yarn/lib/cli.js:321:13

npm manifest: 
  {
    "name": "account-transfers",
    "version": "1.0.0",
    "description": "",
    "main": "dist/index.js",
    "scripts": {
      "build": "tsc -b",
      "prepack": "rm -rf dist && npm build",
      "test": "jest",
      "codegen": "./node_modules/.bin/subql codegen"
    },
    "homepage": "https://github.com/subquery/subql-starter",
    "repository": "github:subquery/subql-starter",
    "files": [
      "dist",
      "schema.graphql",
      "project.yaml"
    ],
    "author": "sa",
    "license": "Apache-2.0",
    "devDependencies": {
      ""@polkadot/api": "^6",
      "@subql/types": "latest",
      "typescript": "^4.1.3",
      "@subql/cli": "latest"
    }
  }

yarn manifest: 
  No manifest

Lockfile: 
  No lockfile
